2019-10-13 22:24:43.611  INFO 14420 --- [main] com.jcj.miniweb.MiniwebApplication       : Starting MiniwebApplication on DESKTOP-H2T0EB0 with PID 14420 (C:\Users\gold\IdeaProjects\miniweb\target\classes started by gold in C:\Users\gold\IdeaProjects\miniweb)
2019-10-13 22:24:43.621  INFO 14420 --- [main] com.jcj.miniweb.MiniwebApplication       : The following profiles are active: dev
2019-10-13 22:24:44.286  INFO 14420 --- [main] .s.d.r.c.RepositoryConfigurationDelegate : Bootstrapping Spring Data repositories in DEFAULT mode.
2019-10-13 22:24:44.369  INFO 14420 --- [main] .s.d.r.c.RepositoryConfigurationDelegate : Finished Spring Data repository scanning in 73ms. Found 1 repository interfaces.
2019-10-13 22:24:44.664  INFO 14420 --- [main] trationDelegate$BeanPostProcessorChecker : Bean 'org.springframework.transaction.annotation.ProxyTransactionManagementConfiguration' of type [org.springframework.transaction.annotation.ProxyTransactionManagementConfiguration$$EnhancerBySpringCGLIB$$e7f09644] is not eligible for getting processed by all BeanPostProcessors (for example: not eligible for auto-proxying)
2019-10-13 22:24:44.935  INFO 14420 --- [main] o.s.b.w.embedded.tomcat.TomcatWebServer  : Tomcat initialized with port(s): 8080 (http)
2019-10-13 22:24:44.957  INFO 14420 --- [main] o.apache.catalina.core.StandardService   : Starting service [Tomcat]
2019-10-13 22:24:44.957  INFO 14420 --- [main] org.apache.catalina.core.StandardEngine  : Starting Servlet engine: [Apache Tomcat/9.0.21]
2019-10-13 22:24:45.108  INFO 14420 --- [main] o.a.c.c.C.[Tomcat].[localhost].[/]       : Initializing Spring embedded WebApplicationContext
2019-10-13 22:24:45.108  INFO 14420 --- [main] o.s.web.context.ContextLoader            : Root WebApplicationContext: initialization completed in 1442 ms
2019-10-13 22:24:45.258  INFO 14420 --- [main] com.zaxxer.hikari.HikariDataSource       : HikariPool-1 - Starting...
2019-10-13 22:24:45.370  INFO 14420 --- [main] com.zaxxer.hikari.HikariDataSource       : HikariPool-1 - Start completed.
2019-10-13 22:24:45.475  INFO 14420 --- [main] o.hibernate.jpa.internal.util.LogHelper  : HHH000204: Processing PersistenceUnitInfo [
	name: default
	...]
2019-10-13 22:24:45.563  INFO 14420 --- [main] org.hibernate.Version                    : HHH000412: Hibernate Core {5.3.10.Final}
2019-10-13 22:24:45.564  INFO 14420 --- [main] org.hibernate.cfg.Environment            : HHH000206: hibernate.properties not found
2019-10-13 22:24:45.745  INFO 14420 --- [main] o.hibernate.annotations.common.Version   : HCANN000001: Hibernate Commons Annotations {5.0.4.Final}
2019-10-13 22:24:46.885  INFO 14420 --- [main] org.hibernate.dialect.Dialect            : HHH000400: Using dialect: org.hibernate.dialect.MySQL5Dialect
2019-10-13 22:24:47.609  INFO 14420 --- [main] j.LocalContainerEntityManagerFactoryBean : Initialized JPA EntityManagerFactory for persistence unit 'default'
2019-10-13 22:24:48.143  INFO 14420 --- [main] o.s.s.concurrent.ThreadPoolTaskExecutor  : Initializing ExecutorService 'applicationTaskExecutor'
2019-10-13 22:24:48.180  WARN 14420 --- [main] aWebConfiguration$JpaWebMvcConfiguration : spring.jpa.open-in-view is enabled by default. Therefore, database queries may be performed during view rendering. Explicitly configure spring.jpa.open-in-view to disable this warning
2019-10-13 22:24:48.292  INFO 14420 --- [main] o.s.b.a.w.s.WelcomePageHandlerMapping    : Adding welcome page template: index
2019-10-13 22:24:48.383 ERROR 14420 --- [main] org.apache.catalina.util.LifecycleBase   : Failed to start component [Connector[HTTP/1.1-8080]]

org.apache.catalina.LifecycleException: Protocol handler start failed
	at org.apache.catalina.connector.Connector.startInternal(Connector.java:1008) ~[tomcat-embed-core-9.0.21.jar:9.0.21]
	at org.apache.catalina.util.LifecycleBase.start(LifecycleBase.java:183) ~[tomcat-embed-core-9.0.21.jar:9.0.21]
	at org.apache.catalina.core.StandardService.addConnector(StandardService.java:227) [tomcat-embed-core-9.0.21.jar:9.0.21]
	at org.springframework.boot.web.embedded.tomcat.TomcatWebServer.addPreviouslyRemovedConnectors(TomcatWebServer.java:263) [spring-boot-2.1.6.RELEASE.jar:2.1.6.RELEASE]
	at org.springframework.boot.web.embedded.tomcat.TomcatWebServer.start(TomcatWebServer.java:195) [spring-boot-2.1.6.RELEASE.jar:2.1.6.RELEASE]
	at org.springframework.boot.web.servlet.context.ServletWebServerApplicationContext.startWebServer(ServletWebServerApplicationContext.java:296) [spring-boot-2.1.6.RELEASE.jar:2.1.6.RELEASE]
	at org.springframework.boot.web.servlet.context.ServletWebServerApplicationContext.finishRefresh(ServletWebServerApplicationContext.java:162) [spring-boot-2.1.6.RELEASE.jar:2.1.6.RELEASE]
	at org.springframework.context.support.AbstractApplicationContext.refresh(AbstractApplicationContext.java:552) [spring-context-5.1.8.RELEASE.jar:5.1.8.RELEASE]
	at org.springframework.boot.web.servlet.context.ServletWebServerApplicationContext.refresh(ServletWebServerApplicationContext.java:140) [spring-boot-2.1.6.RELEASE.jar:2.1.6.RELEASE]
	at org.springframework.boot.SpringApplication.refresh(SpringApplication.java:742) [spring-boot-2.1.6.RELEASE.jar:2.1.6.RELEASE]
	at org.springframework.boot.SpringApplication.refreshContext(SpringApplication.java:389) [spring-boot-2.1.6.RELEASE.jar:2.1.6.RELEASE]
	at org.springframework.boot.SpringApplication.run(SpringApplication.java:311) [spring-boot-2.1.6.RELEASE.jar:2.1.6.RELEASE]
	at org.springframework.boot.SpringApplication.run(SpringApplication.java:1213) [spring-boot-2.1.6.RELEASE.jar:2.1.6.RELEASE]
	at org.springframework.boot.SpringApplication.run(SpringApplication.java:1202) [spring-boot-2.1.6.RELEASE.jar:2.1.6.RELEASE]
	at com.jcj.miniweb.MiniwebApplication.main(MiniwebApplication.java:10) [classes/:na]
Caused by: java.net.BindException: Address already in use: bind
	at sun.nio.ch.Net.bind0(Native Method) ~[na:1.8.0_131]
	at sun.nio.ch.Net.bind(Net.java:433) ~[na:1.8.0_131]
	at sun.nio.ch.Net.bind(Net.java:425) ~[na:1.8.0_131]
	at sun.nio.ch.ServerSocketChannelImpl.bind(ServerSocketChannelImpl.java:223) ~[na:1.8.0_131]
	at sun.nio.ch.ServerSocketAdaptor.bind(ServerSocketAdaptor.java:74) ~[na:1.8.0_131]
	at org.apache.tomcat.util.net.NioEndpoint.initServerSocket(NioEndpoint.java:230) ~[tomcat-embed-core-9.0.21.jar:9.0.21]
	at org.apache.tomcat.util.net.NioEndpoint.bind(NioEndpoint.java:213) ~[tomcat-embed-core-9.0.21.jar:9.0.21]
	at org.apache.tomcat.util.net.AbstractEndpoint.bindWithCleanup(AbstractEndpoint.java:1124) ~[tomcat-embed-core-9.0.21.jar:9.0.21]
	at org.apache.tomcat.util.net.AbstractEndpoint.start(AbstractEndpoint.java:1210) ~[tomcat-embed-core-9.0.21.jar:9.0.21]
	at org.apache.coyote.AbstractProtocol.start(AbstractProtocol.java:585) ~[tomcat-embed-core-9.0.21.jar:9.0.21]
	at org.apache.catalina.connector.Connector.startInternal(Connector.java:1005) ~[tomcat-embed-core-9.0.21.jar:9.0.21]
	... 14 common frames omitted

2019-10-13 22:24:48.389  INFO 14420 --- [main] o.apache.catalina.core.StandardService   : Stopping service [Tomcat]
2019-10-13 22:24:48.395  INFO 14420 --- [main] ConditionEvaluationReportLoggingListener : 

Error starting ApplicationContext. To display the conditions report re-run your application with 'debug' enabled.
2019-10-13 22:24:48.399 ERROR 14420 --- [main] o.s.b.d.LoggingFailureAnalysisReporter   : 

***************************
APPLICATION FAILED TO START
***************************

Description:

The Tomcat connector configured to listen on port 8080 failed to start. The port may already be in use or the connector may be misconfigured.

Action:

Verify the connector's configuration, identify and stop any process that's listening on port 8080, or configure this application to listen on another port.

2019-10-13 22:24:48.402  INFO 14420 --- [main] o.s.s.concurrent.ThreadPoolTaskExecutor  : Shutting down ExecutorService 'applicationTaskExecutor'
2019-10-13 22:24:48.402  INFO 14420 --- [main] j.LocalContainerEntityManagerFactoryBean : Closing JPA EntityManagerFactory for persistence unit 'default'
2019-10-13 22:24:48.404  INFO 14420 --- [main] com.zaxxer.hikari.HikariDataSource       : HikariPool-1 - Shutdown initiated...
2019-10-13 22:24:48.409  INFO 14420 --- [main] com.zaxxer.hikari.HikariDataSource       : HikariPool-1 - Shutdown completed.
2019-10-13 22:38:14.011  INFO 13120 --- [main] com.jcj.miniweb.MiniwebApplication       : Starting MiniwebApplication on DESKTOP-H2T0EB0 with PID 13120 (C:\Users\gold\IdeaProjects\miniweb\target\classes started by gold in C:\Users\gold\IdeaProjects\miniweb)
2019-10-13 22:38:14.013  INFO 13120 --- [main] com.jcj.miniweb.MiniwebApplication       : The following profiles are active: dev
2019-10-13 22:38:14.633  INFO 13120 --- [main] .s.d.r.c.RepositoryConfigurationDelegate : Bootstrapping Spring Data repositories in DEFAULT mode.
2019-10-13 22:38:14.708  INFO 13120 --- [main] .s.d.r.c.RepositoryConfigurationDelegate : Finished Spring Data repository scanning in 68ms. Found 1 repository interfaces.
2019-10-13 22:38:14.989  INFO 13120 --- [main] trationDelegate$BeanPostProcessorChecker : Bean 'org.springframework.transaction.annotation.ProxyTransactionManagementConfiguration' of type [org.springframework.transaction.annotation.ProxyTransactionManagementConfiguration$$EnhancerBySpringCGLIB$$28203ed5] is not eligible for getting processed by all BeanPostProcessors (for example: not eligible for auto-proxying)
2019-10-13 22:38:15.255  INFO 13120 --- [main] o.s.b.w.embedded.tomcat.TomcatWebServer  : Tomcat initialized with port(s): 8080 (http)
2019-10-13 22:38:15.274  INFO 13120 --- [main] o.apache.catalina.core.StandardService   : Starting service [Tomcat]
2019-10-13 22:38:15.275  INFO 13120 --- [main] org.apache.catalina.core.StandardEngine  : Starting Servlet engine: [Apache Tomcat/9.0.21]
2019-10-13 22:38:15.429  INFO 13120 --- [main] o.a.c.c.C.[Tomcat].[localhost].[/]       : Initializing Spring embedded WebApplicationContext
2019-10-13 22:38:15.429  INFO 13120 --- [main] o.s.web.context.ContextLoader            : Root WebApplicationContext: initialization completed in 1365 ms
2019-10-13 22:38:15.564  INFO 13120 --- [main] com.zaxxer.hikari.HikariDataSource       : HikariPool-1 - Starting...
2019-10-13 22:38:15.668  INFO 13120 --- [main] com.zaxxer.hikari.HikariDataSource       : HikariPool-1 - Start completed.
2019-10-13 22:38:15.764  INFO 13120 --- [main] o.hibernate.jpa.internal.util.LogHelper  : HHH000204: Processing PersistenceUnitInfo [
	name: default
	...]
2019-10-13 22:38:15.839  INFO 13120 --- [main] org.hibernate.Version                    : HHH000412: Hibernate Core {5.3.10.Final}
2019-10-13 22:38:15.841  INFO 13120 --- [main] org.hibernate.cfg.Environment            : HHH000206: hibernate.properties not found
2019-10-13 22:38:15.982  INFO 13120 --- [main] o.hibernate.annotations.common.Version   : HCANN000001: Hibernate Commons Annotations {5.0.4.Final}
2019-10-13 22:38:16.987  INFO 13120 --- [main] org.hibernate.dialect.Dialect            : HHH000400: Using dialect: org.hibernate.dialect.MySQL5Dialect
2019-10-13 22:38:17.650  INFO 13120 --- [main] j.LocalContainerEntityManagerFactoryBean : Initialized JPA EntityManagerFactory for persistence unit 'default'
2019-10-13 22:38:18.132  INFO 13120 --- [main] o.s.s.concurrent.ThreadPoolTaskExecutor  : Initializing ExecutorService 'applicationTaskExecutor'
2019-10-13 22:38:18.164  WARN 13120 --- [main] aWebConfiguration$JpaWebMvcConfiguration : spring.jpa.open-in-view is enabled by default. Therefore, database queries may be performed during view rendering. Explicitly configure spring.jpa.open-in-view to disable this warning
2019-10-13 22:38:18.256  INFO 13120 --- [main] o.s.b.a.w.s.WelcomePageHandlerMapping    : Adding welcome page template: index
2019-10-13 22:38:18.355 ERROR 13120 --- [main] org.apache.catalina.util.LifecycleBase   : Failed to start component [Connector[HTTP/1.1-8080]]

org.apache.catalina.LifecycleException: Protocol handler start failed
	at org.apache.catalina.connector.Connector.startInternal(Connector.java:1008) ~[tomcat-embed-core-9.0.21.jar:9.0.21]
	at org.apache.catalina.util.LifecycleBase.start(LifecycleBase.java:183) ~[tomcat-embed-core-9.0.21.jar:9.0.21]
	at org.apache.catalina.core.StandardService.addConnector(StandardService.java:227) [tomcat-embed-core-9.0.21.jar:9.0.21]
	at org.springframework.boot.web.embedded.tomcat.TomcatWebServer.addPreviouslyRemovedConnectors(TomcatWebServer.java:263) [spring-boot-2.1.6.RELEASE.jar:2.1.6.RELEASE]
	at org.springframework.boot.web.embedded.tomcat.TomcatWebServer.start(TomcatWebServer.java:195) [spring-boot-2.1.6.RELEASE.jar:2.1.6.RELEASE]
	at org.springframework.boot.web.servlet.context.ServletWebServerApplicationContext.startWebServer(ServletWebServerApplicationContext.java:296) [spring-boot-2.1.6.RELEASE.jar:2.1.6.RELEASE]
	at org.springframework.boot.web.servlet.context.ServletWebServerApplicationContext.finishRefresh(ServletWebServerApplicationContext.java:162) [spring-boot-2.1.6.RELEASE.jar:2.1.6.RELEASE]
	at org.springframework.context.support.AbstractApplicationContext.refresh(AbstractApplicationContext.java:552) [spring-context-5.1.8.RELEASE.jar:5.1.8.RELEASE]
	at org.springframework.boot.web.servlet.context.ServletWebServerApplicationContext.refresh(ServletWebServerApplicationContext.java:140) [spring-boot-2.1.6.RELEASE.jar:2.1.6.RELEASE]
	at org.springframework.boot.SpringApplication.refresh(SpringApplication.java:742) [spring-boot-2.1.6.RELEASE.jar:2.1.6.RELEASE]
	at org.springframework.boot.SpringApplication.refreshContext(SpringApplication.java:389) [spring-boot-2.1.6.RELEASE.jar:2.1.6.RELEASE]
	at org.springframework.boot.SpringApplication.run(SpringApplication.java:311) [spring-boot-2.1.6.RELEASE.jar:2.1.6.RELEASE]
	at org.springframework.boot.SpringApplication.run(SpringApplication.java:1213) [spring-boot-2.1.6.RELEASE.jar:2.1.6.RELEASE]
	at org.springframework.boot.SpringApplication.run(SpringApplication.java:1202) [spring-boot-2.1.6.RELEASE.jar:2.1.6.RELEASE]
	at com.jcj.miniweb.MiniwebApplication.main(MiniwebApplication.java:10) [classes/:na]
Caused by: java.net.BindException: Address already in use: bind
	at sun.nio.ch.Net.bind0(Native Method) ~[na:1.8.0_131]
	at sun.nio.ch.Net.bind(Net.java:433) ~[na:1.8.0_131]
	at sun.nio.ch.Net.bind(Net.java:425) ~[na:1.8.0_131]
	at sun.nio.ch.ServerSocketChannelImpl.bind(ServerSocketChannelImpl.java:223) ~[na:1.8.0_131]
	at sun.nio.ch.ServerSocketAdaptor.bind(ServerSocketAdaptor.java:74) ~[na:1.8.0_131]
	at org.apache.tomcat.util.net.NioEndpoint.initServerSocket(NioEndpoint.java:230) ~[tomcat-embed-core-9.0.21.jar:9.0.21]
	at org.apache.tomcat.util.net.NioEndpoint.bind(NioEndpoint.java:213) ~[tomcat-embed-core-9.0.21.jar:9.0.21]
	at org.apache.tomcat.util.net.AbstractEndpoint.bindWithCleanup(AbstractEndpoint.java:1124) ~[tomcat-embed-core-9.0.21.jar:9.0.21]
	at org.apache.tomcat.util.net.AbstractEndpoint.start(AbstractEndpoint.java:1210) ~[tomcat-embed-core-9.0.21.jar:9.0.21]
	at org.apache.coyote.AbstractProtocol.start(AbstractProtocol.java:585) ~[tomcat-embed-core-9.0.21.jar:9.0.21]
	at org.apache.catalina.connector.Connector.startInternal(Connector.java:1005) ~[tomcat-embed-core-9.0.21.jar:9.0.21]
	... 14 common frames omitted

2019-10-13 22:38:18.361  INFO 13120 --- [main] o.apache.catalina.core.StandardService   : Stopping service [Tomcat]
2019-10-13 22:38:18.368  INFO 13120 --- [main] ConditionEvaluationReportLoggingListener : 

Error starting ApplicationContext. To display the conditions report re-run your application with 'debug' enabled.
2019-10-13 22:38:18.373 ERROR 13120 --- [main] o.s.b.d.LoggingFailureAnalysisReporter   : 

***************************
APPLICATION FAILED TO START
***************************

Description:

The Tomcat connector configured to listen on port 8080 failed to start. The port may already be in use or the connector may be misconfigured.

Action:

Verify the connector's configuration, identify and stop any process that's listening on port 8080, or configure this application to listen on another port.

2019-10-13 22:38:18.376  INFO 13120 --- [main] o.s.s.concurrent.ThreadPoolTaskExecutor  : Shutting down ExecutorService 'applicationTaskExecutor'
2019-10-13 22:38:18.376  INFO 13120 --- [main] j.LocalContainerEntityManagerFactoryBean : Closing JPA EntityManagerFactory for persistence unit 'default'
2019-10-13 22:38:18.379  INFO 13120 --- [main] com.zaxxer.hikari.HikariDataSource       : HikariPool-1 - Shutdown initiated...
2019-10-13 22:38:18.384  INFO 13120 --- [main] com.zaxxer.hikari.HikariDataSource       : HikariPool-1 - Shutdown completed.
2019-10-13 22:39:10.748  INFO 7288 --- [main] com.jcj.miniweb.MiniwebApplication       : Starting MiniwebApplication on DESKTOP-H2T0EB0 with PID 7288 (C:\Users\gold\IdeaProjects\miniweb\target\classes started by gold in C:\Users\gold\IdeaProjects\miniweb)
2019-10-13 22:39:10.753  INFO 7288 --- [main] com.jcj.miniweb.MiniwebApplication       : The following profiles are active: dev
2019-10-13 22:39:11.337  INFO 7288 --- [main] .s.d.r.c.RepositoryConfigurationDelegate : Bootstrapping Spring Data repositories in DEFAULT mode.
2019-10-13 22:39:11.413  INFO 7288 --- [main] .s.d.r.c.RepositoryConfigurationDelegate : Finished Spring Data repository scanning in 69ms. Found 1 repository interfaces.
2019-10-13 22:39:11.698  INFO 7288 --- [main] trationDelegate$BeanPostProcessorChecker : Bean 'org.springframework.transaction.annotation.ProxyTransactionManagementConfiguration' of type [org.springframework.transaction.annotation.ProxyTransactionManagementConfiguration$$EnhancerBySpringCGLIB$$848cee2a] is not eligible for getting processed by all BeanPostProcessors (for example: not eligible for auto-proxying)
2019-10-13 22:39:11.950  INFO 7288 --- [main] o.s.b.w.embedded.tomcat.TomcatWebServer  : Tomcat initialized with port(s): 8080 (http)
2019-10-13 22:39:11.970  INFO 7288 --- [main] o.apache.catalina.core.StandardService   : Starting service [Tomcat]
2019-10-13 22:39:11.970  INFO 7288 --- [main] org.apache.catalina.core.StandardEngine  : Starting Servlet engine: [Apache Tomcat/9.0.21]
2019-10-13 22:39:12.121  INFO 7288 --- [main] o.a.c.c.C.[Tomcat].[localhost].[/]       : Initializing Spring embedded WebApplicationContext
2019-10-13 22:39:12.121  INFO 7288 --- [main] o.s.web.context.ContextLoader            : Root WebApplicationContext: initialization completed in 1325 ms
2019-10-13 22:39:12.259  INFO 7288 --- [main] com.zaxxer.hikari.HikariDataSource       : HikariPool-1 - Starting...
2019-10-13 22:39:12.360  INFO 7288 --- [main] com.zaxxer.hikari.HikariDataSource       : HikariPool-1 - Start completed.
2019-10-13 22:39:12.453  INFO 7288 --- [main] o.hibernate.jpa.internal.util.LogHelper  : HHH000204: Processing PersistenceUnitInfo [
	name: default
	...]
2019-10-13 22:39:12.523  INFO 7288 --- [main] org.hibernate.Version                    : HHH000412: Hibernate Core {5.3.10.Final}
2019-10-13 22:39:12.525  INFO 7288 --- [main] org.hibernate.cfg.Environment            : HHH000206: hibernate.properties not found
2019-10-13 22:39:12.667  INFO 7288 --- [main] o.hibernate.annotations.common.Version   : HCANN000001: Hibernate Commons Annotations {5.0.4.Final}
2019-10-13 22:39:13.691  INFO 7288 --- [main] org.hibernate.dialect.Dialect            : HHH000400: Using dialect: org.hibernate.dialect.MySQL5Dialect
2019-10-13 22:39:14.307  INFO 7288 --- [main] j.LocalContainerEntityManagerFactoryBean : Initialized JPA EntityManagerFactory for persistence unit 'default'
2019-10-13 22:39:14.773  INFO 7288 --- [main] o.s.s.concurrent.ThreadPoolTaskExecutor  : Initializing ExecutorService 'applicationTaskExecutor'
2019-10-13 22:39:14.805  WARN 7288 --- [main] aWebConfiguration$JpaWebMvcConfiguration : spring.jpa.open-in-view is enabled by default. Therefore, database queries may be performed during view rendering. Explicitly configure spring.jpa.open-in-view to disable this warning
2019-10-13 22:39:14.889  INFO 7288 --- [main] o.s.b.a.w.s.WelcomePageHandlerMapping    : Adding welcome page template: index
2019-10-13 22:39:14.986  INFO 7288 --- [main] o.s.b.w.embedded.tomcat.TomcatWebServer  : Tomcat started on port(s): 8080 (http) with context path ''
2019-10-13 22:39:14.988  INFO 7288 --- [main] com.jcj.miniweb.MiniwebApplication       : Started MiniwebApplication in 4.694 seconds (JVM running for 5.402)
2019-10-13 22:39:35.413  INFO 7288 --- [http-nio-8080-exec-2] o.a.c.c.C.[Tomcat].[localhost].[/]       : Initializing Spring DispatcherServlet 'dispatcherServlet'
2019-10-13 22:39:35.414  INFO 7288 --- [http-nio-8080-exec-2] o.s.web.servlet.DispatcherServlet        : Initializing Servlet 'dispatcherServlet'
2019-10-13 22:39:35.421  INFO 7288 --- [http-nio-8080-exec-2] o.s.web.servlet.DispatcherServlet        : Completed initialization in 7 ms
2019-10-13 22:42:44.614  INFO 9336 --- [main] com.jcj.miniweb.MiniwebApplication       : Starting MiniwebApplication on DESKTOP-H2T0EB0 with PID 9336 (C:\Users\gold\IdeaProjects\miniweb\target\classes started by gold in C:\Users\gold\IdeaProjects\miniweb)
2019-10-13 22:42:44.617  INFO 9336 --- [main] com.jcj.miniweb.MiniwebApplication       : The following profiles are active: dev
2019-10-13 22:42:45.217  INFO 9336 --- [main] .s.d.r.c.RepositoryConfigurationDelegate : Bootstrapping Spring Data repositories in DEFAULT mode.
2019-10-13 22:42:45.292  INFO 9336 --- [main] .s.d.r.c.RepositoryConfigurationDelegate : Finished Spring Data repository scanning in 67ms. Found 1 repository interfaces.
2019-10-13 22:42:45.571  INFO 9336 --- [main] trationDelegate$BeanPostProcessorChecker : Bean 'org.springframework.transaction.annotation.ProxyTransactionManagementConfiguration' of type [org.springframework.transaction.annotation.ProxyTransactionManagementConfiguration$$EnhancerBySpringCGLIB$$da6189f9] is not eligible for getting processed by all BeanPostProcessors (for example: not eligible for auto-proxying)
2019-10-13 22:42:45.832  INFO 9336 --- [main] o.s.b.w.embedded.tomcat.TomcatWebServer  : Tomcat initialized with port(s): 8080 (http)
2019-10-13 22:42:45.853  INFO 9336 --- [main] o.apache.catalina.core.StandardService   : Starting service [Tomcat]
2019-10-13 22:42:45.854  INFO 9336 --- [main] org.apache.catalina.core.StandardEngine  : Starting Servlet engine: [Apache Tomcat/9.0.21]
2019-10-13 22:42:46.016  INFO 9336 --- [main] o.a.c.c.C.[Tomcat].[localhost].[/]       : Initializing Spring embedded WebApplicationContext
2019-10-13 22:42:46.016  INFO 9336 --- [main] o.s.web.context.ContextLoader            : Root WebApplicationContext: initialization completed in 1347 ms
2019-10-13 22:42:46.154  INFO 9336 --- [main] com.zaxxer.hikari.HikariDataSource       : HikariPool-1 - Starting...
2019-10-13 22:42:46.254  INFO 9336 --- [main] com.zaxxer.hikari.HikariDataSource       : HikariPool-1 - Start completed.
2019-10-13 22:42:46.345  INFO 9336 --- [main] o.hibernate.jpa.internal.util.LogHelper  : HHH000204: Processing PersistenceUnitInfo [
	name: default
	...]
2019-10-13 22:42:46.415  INFO 9336 --- [main] org.hibernate.Version                    : HHH000412: Hibernate Core {5.3.10.Final}
2019-10-13 22:42:46.417  INFO 9336 --- [main] org.hibernate.cfg.Environment            : HHH000206: hibernate.properties not found
2019-10-13 22:42:46.558  INFO 9336 --- [main] o.hibernate.annotations.common.Version   : HCANN000001: Hibernate Commons Annotations {5.0.4.Final}
2019-10-13 22:42:47.558  INFO 9336 --- [main] org.hibernate.dialect.Dialect            : HHH000400: Using dialect: org.hibernate.dialect.MySQL5Dialect
2019-10-13 22:42:48.207  INFO 9336 --- [main] j.LocalContainerEntityManagerFactoryBean : Initialized JPA EntityManagerFactory for persistence unit 'default'
2019-10-13 22:42:48.722  INFO 9336 --- [main] o.s.s.concurrent.ThreadPoolTaskExecutor  : Initializing ExecutorService 'applicationTaskExecutor'
2019-10-13 22:42:48.755  WARN 9336 --- [main] aWebConfiguration$JpaWebMvcConfiguration : spring.jpa.open-in-view is enabled by default. Therefore, database queries may be performed during view rendering. Explicitly configure spring.jpa.open-in-view to disable this warning
2019-10-13 22:42:48.849  INFO 9336 --- [main] o.s.b.a.w.s.WelcomePageHandlerMapping    : Adding welcome page template: index
2019-10-13 22:42:48.949  INFO 9336 --- [main] o.s.b.w.embedded.tomcat.TomcatWebServer  : Tomcat started on port(s): 8080 (http) with context path ''
2019-10-13 22:42:48.951  INFO 9336 --- [main] com.jcj.miniweb.MiniwebApplication       : Started MiniwebApplication in 4.835 seconds (JVM running for 5.598)
2019-10-13 22:42:50.197  INFO 9336 --- [http-nio-8080-exec-1] o.a.c.c.C.[Tomcat].[localhost].[/]       : Initializing Spring DispatcherServlet 'dispatcherServlet'
2019-10-13 22:42:50.197  INFO 9336 --- [http-nio-8080-exec-1] o.s.web.servlet.DispatcherServlet        : Initializing Servlet 'dispatcherServlet'
2019-10-13 22:42:50.203  INFO 9336 --- [http-nio-8080-exec-1] o.s.web.servlet.DispatcherServlet        : Completed initialization in 6 ms
2019-10-13 22:44:49.829  INFO 6416 --- [main] com.jcj.miniweb.MiniwebApplication       : Starting MiniwebApplication on DESKTOP-H2T0EB0 with PID 6416 (C:\Users\gold\IdeaProjects\miniweb\target\classes started by gold in C:\Users\gold\IdeaProjects\miniweb)
2019-10-13 22:44:49.833  INFO 6416 --- [main] com.jcj.miniweb.MiniwebApplication       : The following profiles are active: dev
2019-10-13 22:44:50.419  INFO 6416 --- [main] .s.d.r.c.RepositoryConfigurationDelegate : Bootstrapping Spring Data repositories in DEFAULT mode.
2019-10-13 22:44:50.492  INFO 6416 --- [main] .s.d.r.c.RepositoryConfigurationDelegate : Finished Spring Data repository scanning in 67ms. Found 1 repository interfaces.
2019-10-13 22:44:50.764  INFO 6416 --- [main] trationDelegate$BeanPostProcessorChecker : Bean 'org.springframework.transaction.annotation.ProxyTransactionManagementConfiguration' of type [org.springframework.transaction.annotation.ProxyTransactionManagementConfiguration$$EnhancerBySpringCGLIB$$c21034de] is not eligible for getting processed by all BeanPostProcessors (for example: not eligible for auto-proxying)
2019-10-13 22:44:51.014  INFO 6416 --- [main] o.s.b.w.embedded.tomcat.TomcatWebServer  : Tomcat initialized with port(s): 8080 (http)
2019-10-13 22:44:51.034  INFO 6416 --- [main] o.apache.catalina.core.StandardService   : Starting service [Tomcat]
2019-10-13 22:44:51.034  INFO 6416 --- [main] org.apache.catalina.core.StandardEngine  : Starting Servlet engine: [Apache Tomcat/9.0.21]
2019-10-13 22:44:51.197  INFO 6416 --- [main] o.a.c.c.C.[Tomcat].[localhost].[/]       : Initializing Spring embedded WebApplicationContext
2019-10-13 22:44:51.198  INFO 6416 --- [main] o.s.web.context.ContextLoader            : Root WebApplicationContext: initialization completed in 1320 ms
2019-10-13 22:44:51.327  INFO 6416 --- [main] com.zaxxer.hikari.HikariDataSource       : HikariPool-1 - Starting...
2019-10-13 22:44:51.433  INFO 6416 --- [main] com.zaxxer.hikari.HikariDataSource       : HikariPool-1 - Start completed.
2019-10-13 22:44:51.535  INFO 6416 --- [main] o.hibernate.jpa.internal.util.LogHelper  : HHH000204: Processing PersistenceUnitInfo [
	name: default
	...]
2019-10-13 22:44:51.603  INFO 6416 --- [main] org.hibernate.Version                    : HHH000412: Hibernate Core {5.3.10.Final}
2019-10-13 22:44:51.605  INFO 6416 --- [main] org.hibernate.cfg.Environment            : HHH000206: hibernate.properties not found
2019-10-13 22:44:51.742  INFO 6416 --- [main] o.hibernate.annotations.common.Version   : HCANN000001: Hibernate Commons Annotations {5.0.4.Final}
2019-10-13 22:44:52.755  INFO 6416 --- [main] org.hibernate.dialect.Dialect            : HHH000400: Using dialect: org.hibernate.dialect.MySQL5Dialect
2019-10-13 22:44:53.400  INFO 6416 --- [main] j.LocalContainerEntityManagerFactoryBean : Initialized JPA EntityManagerFactory for persistence unit 'default'
2019-10-13 22:44:53.874  INFO 6416 --- [main] o.s.s.concurrent.ThreadPoolTaskExecutor  : Initializing ExecutorService 'applicationTaskExecutor'
2019-10-13 22:44:53.905  WARN 6416 --- [main] aWebConfiguration$JpaWebMvcConfiguration : spring.jpa.open-in-view is enabled by default. Therefore, database queries may be performed during view rendering. Explicitly configure spring.jpa.open-in-view to disable this warning
2019-10-13 22:44:53.993  INFO 6416 --- [main] o.s.b.a.w.s.WelcomePageHandlerMapping    : Adding welcome page template: index
2019-10-13 22:44:54.093  INFO 6416 --- [main] o.s.b.w.embedded.tomcat.TomcatWebServer  : Tomcat started on port(s): 8080 (http) with context path ''
2019-10-13 22:44:54.096  INFO 6416 --- [main] com.jcj.miniweb.MiniwebApplication       : Started MiniwebApplication in 4.749 seconds (JVM running for 5.542)
2019-10-13 22:44:57.818  INFO 6416 --- [http-nio-8080-exec-1] o.a.c.c.C.[Tomcat].[localhost].[/]       : Initializing Spring DispatcherServlet 'dispatcherServlet'
2019-10-13 22:44:57.819  INFO 6416 --- [http-nio-8080-exec-1] o.s.web.servlet.DispatcherServlet        : Initializing Servlet 'dispatcherServlet'
2019-10-13 22:44:57.827  INFO 6416 --- [http-nio-8080-exec-1] o.s.web.servlet.DispatcherServlet        : Completed initialization in 8 ms
2019-10-13 22:46:52.900  INFO 5672 --- [main] com.jcj.miniweb.MiniwebApplication       : Starting MiniwebApplication on DESKTOP-H2T0EB0 with PID 5672 (C:\Users\gold\IdeaProjects\miniweb\target\classes started by gold in C:\Users\gold\IdeaProjects\miniweb)
2019-10-13 22:46:52.904  INFO 5672 --- [main] com.jcj.miniweb.MiniwebApplication       : The following profiles are active: dev
2019-10-13 22:46:53.488  INFO 5672 --- [main] .s.d.r.c.RepositoryConfigurationDelegate : Bootstrapping Spring Data repositories in DEFAULT mode.
2019-10-13 22:46:53.561  INFO 5672 --- [main] .s.d.r.c.RepositoryConfigurationDelegate : Finished Spring Data repository scanning in 66ms. Found 1 repository interfaces.
2019-10-13 22:46:53.830  INFO 5672 --- [main] trationDelegate$BeanPostProcessorChecker : Bean 'org.springframework.transaction.annotation.ProxyTransactionManagementConfiguration' of type [org.springframework.transaction.annotation.ProxyTransactionManagementConfiguration$$EnhancerBySpringCGLIB$$a7713882] is not eligible for getting processed by all BeanPostProcessors (for example: not eligible for auto-proxying)
2019-10-13 22:46:54.077  INFO 5672 --- [main] o.s.b.w.embedded.tomcat.TomcatWebServer  : Tomcat initialized with port(s): 8080 (http)
2019-10-13 22:46:54.097  INFO 5672 --- [main] o.apache.catalina.core.StandardService   : Starting service [Tomcat]
2019-10-13 22:46:54.097  INFO 5672 --- [main] org.apache.catalina.core.StandardEngine  : Starting Servlet engine: [Apache Tomcat/9.0.21]
2019-10-13 22:46:54.246  INFO 5672 --- [main] o.a.c.c.C.[Tomcat].[localhost].[/]       : Initializing Spring embedded WebApplicationContext
2019-10-13 22:46:54.247  INFO 5672 --- [main] o.s.web.context.ContextLoader            : Root WebApplicationContext: initialization completed in 1292 ms
2019-10-13 22:46:54.388  INFO 5672 --- [main] com.zaxxer.hikari.HikariDataSource       : HikariPool-1 - Starting...
2019-10-13 22:46:54.494  INFO 5672 --- [main] com.zaxxer.hikari.HikariDataSource       : HikariPool-1 - Start completed.
2019-10-13 22:46:54.595  INFO 5672 --- [main] o.hibernate.jpa.internal.util.LogHelper  : HHH000204: Processing PersistenceUnitInfo [
	name: default
	...]
2019-10-13 22:46:54.665  INFO 5672 --- [main] org.hibernate.Version                    : HHH000412: Hibernate Core {5.3.10.Final}
2019-10-13 22:46:54.667  INFO 5672 --- [main] org.hibernate.cfg.Environment            : HHH000206: hibernate.properties not found
2019-10-13 22:46:54.809  INFO 5672 --- [main] o.hibernate.annotations.common.Version   : HCANN000001: Hibernate Commons Annotations {5.0.4.Final}
2019-10-13 22:46:55.807  INFO 5672 --- [main] org.hibernate.dialect.Dialect            : HHH000400: Using dialect: org.hibernate.dialect.MySQL5Dialect
2019-10-13 22:46:56.452  INFO 5672 --- [main] j.LocalContainerEntityManagerFactoryBean : Initialized JPA EntityManagerFactory for persistence unit 'default'
2019-10-13 22:46:56.946  INFO 5672 --- [main] o.s.s.concurrent.ThreadPoolTaskExecutor  : Initializing ExecutorService 'applicationTaskExecutor'
2019-10-13 22:46:56.980  WARN 5672 --- [main] aWebConfiguration$JpaWebMvcConfiguration : spring.jpa.open-in-view is enabled by default. Therefore, database queries may be performed during view rendering. Explicitly configure spring.jpa.open-in-view to disable this warning
2019-10-13 22:46:57.080  INFO 5672 --- [main] o.s.b.a.w.s.WelcomePageHandlerMapping    : Adding welcome page template: index
2019-10-13 22:46:57.182  INFO 5672 --- [main] o.s.b.w.embedded.tomcat.TomcatWebServer  : Tomcat started on port(s): 8080 (http) with context path ''
2019-10-13 22:46:57.184  INFO 5672 --- [main] com.jcj.miniweb.MiniwebApplication       : Started MiniwebApplication in 4.733 seconds (JVM running for 5.455)
2019-10-13 22:47:03.203  INFO 5672 --- [http-nio-8080-exec-1] o.a.c.c.C.[Tomcat].[localhost].[/]       : Initializing Spring DispatcherServlet 'dispatcherServlet'
2019-10-13 22:47:03.204  INFO 5672 --- [http-nio-8080-exec-1] o.s.web.servlet.DispatcherServlet        : Initializing Servlet 'dispatcherServlet'
2019-10-13 22:47:03.212  INFO 5672 --- [http-nio-8080-exec-1] o.s.web.servlet.DispatcherServlet        : Completed initialization in 8 ms
2019-10-13 22:48:37.420  INFO 3356 --- [main] com.jcj.miniweb.MiniwebApplication       : Starting MiniwebApplication on DESKTOP-H2T0EB0 with PID 3356 (C:\Users\gold\IdeaProjects\miniweb\target\classes started by gold in C:\Users\gold\IdeaProjects\miniweb)
2019-10-13 22:48:37.423  INFO 3356 --- [main] com.jcj.miniweb.MiniwebApplication       : The following profiles are active: dev
2019-10-13 22:48:38.049  INFO 3356 --- [main] .s.d.r.c.RepositoryConfigurationDelegate : Bootstrapping Spring Data repositories in DEFAULT mode.
2019-10-13 22:48:38.125  INFO 3356 --- [main] .s.d.r.c.RepositoryConfigurationDelegate : Finished Spring Data repository scanning in 68ms. Found 1 repository interfaces.
2019-10-13 22:48:38.407  INFO 3356 --- [main] trationDelegate$BeanPostProcessorChecker : Bean 'org.springframework.transaction.annotation.ProxyTransactionManagementConfiguration' of type [org.springframework.transaction.annotation.ProxyTransactionManagementConfiguration$$EnhancerBySpringCGLIB$$aecdc9f4] is not eligible for getting processed by all BeanPostProcessors (for example: not eligible for auto-proxying)
2019-10-13 22:48:38.667  INFO 3356 --- [main] o.s.b.w.embedded.tomcat.TomcatWebServer  : Tomcat initialized with port(s): 8080 (http)
2019-10-13 22:48:38.688  INFO 3356 --- [main] o.apache.catalina.core.StandardService   : Starting service [Tomcat]
2019-10-13 22:48:38.688  INFO 3356 --- [main] org.apache.catalina.core.StandardEngine  : Starting Servlet engine: [Apache Tomcat/9.0.21]
2019-10-13 22:48:38.838  INFO 3356 --- [main] o.a.c.c.C.[Tomcat].[localhost].[/]       : Initializing Spring embedded WebApplicationContext
2019-10-13 22:48:38.839  INFO 3356 --- [main] o.s.web.context.ContextLoader            : Root WebApplicationContext: initialization completed in 1357 ms
2019-10-13 22:48:38.993  INFO 3356 --- [main] com.zaxxer.hikari.HikariDataSource       : HikariPool-1 - Starting...
2019-10-13 22:48:39.098  INFO 3356 --- [main] com.zaxxer.hikari.HikariDataSource       : HikariPool-1 - Start completed.
2019-10-13 22:48:39.205  INFO 3356 --- [main] o.hibernate.jpa.internal.util.LogHelper  : HHH000204: Processing PersistenceUnitInfo [
	name: default
	...]
2019-10-13 22:48:39.313  INFO 3356 --- [main] org.hibernate.Version                    : HHH000412: Hibernate Core {5.3.10.Final}
2019-10-13 22:48:39.314  INFO 3356 --- [main] org.hibernate.cfg.Environment            : HHH000206: hibernate.properties not found
2019-10-13 22:48:39.462  INFO 3356 --- [main] o.hibernate.annotations.common.Version   : HCANN000001: Hibernate Commons Annotations {5.0.4.Final}
2019-10-13 22:48:40.501  INFO 3356 --- [main] org.hibernate.dialect.Dialect            : HHH000400: Using dialect: org.hibernate.dialect.MySQL5Dialect
2019-10-13 22:48:41.143  INFO 3356 --- [main] j.LocalContainerEntityManagerFactoryBean : Initialized JPA EntityManagerFactory for persistence unit 'default'
2019-10-13 22:48:41.619  INFO 3356 --- [main] o.s.s.concurrent.ThreadPoolTaskExecutor  : Initializing ExecutorService 'applicationTaskExecutor'
2019-10-13 22:48:41.661  WARN 3356 --- [main] aWebConfiguration$JpaWebMvcConfiguration : spring.jpa.open-in-view is enabled by default. Therefore, database queries may be performed during view rendering. Explicitly configure spring.jpa.open-in-view to disable this warning
2019-10-13 22:48:41.758  INFO 3356 --- [main] o.s.b.a.w.s.WelcomePageHandlerMapping    : Adding welcome page template: index
2019-10-13 22:48:41.858  INFO 3356 --- [main] o.s.b.w.embedded.tomcat.TomcatWebServer  : Tomcat started on port(s): 8080 (http) with context path ''
2019-10-13 22:48:41.860  INFO 3356 --- [main] com.jcj.miniweb.MiniwebApplication       : Started MiniwebApplication in 4.914 seconds (JVM running for 5.664)
2019-10-13 22:48:46.283  INFO 3356 --- [http-nio-8080-exec-1] o.a.c.c.C.[Tomcat].[localhost].[/]       : Initializing Spring DispatcherServlet 'dispatcherServlet'
2019-10-13 22:48:46.284  INFO 3356 --- [http-nio-8080-exec-1] o.s.web.servlet.DispatcherServlet        : Initializing Servlet 'dispatcherServlet'
2019-10-13 22:48:46.290  INFO 3356 --- [http-nio-8080-exec-1] o.s.web.servlet.DispatcherServlet        : Completed initialization in 6 ms
2019-10-13 22:48:48.904  INFO 3356 --- [http-nio-8080-exec-3] o.h.h.i.QueryTranslatorFactoryInitiator  : HHH000397: Using ASTQueryTranslatorFactory
2019-10-13 22:52:31.249  INFO 4876 --- [main] com.jcj.miniweb.MiniwebApplication       : Starting MiniwebApplication on DESKTOP-H2T0EB0 with PID 4876 (C:\Users\gold\IdeaProjects\miniweb\target\classes started by gold in C:\Users\gold\IdeaProjects\miniweb)
2019-10-13 22:52:31.252  INFO 4876 --- [main] com.jcj.miniweb.MiniwebApplication       : The following profiles are active: dev
2019-10-13 22:52:31.879  INFO 4876 --- [main] .s.d.r.c.RepositoryConfigurationDelegate : Bootstrapping Spring Data repositories in DEFAULT mode.
2019-10-13 22:52:31.953  INFO 4876 --- [main] .s.d.r.c.RepositoryConfigurationDelegate : Finished Spring Data repository scanning in 66ms. Found 1 repository interfaces.
2019-10-13 22:52:32.228  INFO 4876 --- [main] trationDelegate$BeanPostProcessorChecker : Bean 'org.springframework.transaction.annotation.ProxyTransactionManagementConfiguration' of type [org.springframework.transaction.annotation.ProxyTransactionManagementConfiguration$$EnhancerBySpringCGLIB$$71c7a0a6] is not eligible for getting processed by all BeanPostProcessors (for example: not eligible for auto-proxying)
2019-10-13 22:52:32.482  INFO 4876 --- [main] o.s.b.w.embedded.tomcat.TomcatWebServer  : Tomcat initialized with port(s): 8080 (http)
2019-10-13 22:52:32.502  INFO 4876 --- [main] o.apache.catalina.core.StandardService   : Starting service [Tomcat]
2019-10-13 22:52:32.502  INFO 4876 --- [main] org.apache.catalina.core.StandardEngine  : Starting Servlet engine: [Apache Tomcat/9.0.21]
2019-10-13 22:52:32.649  INFO 4876 --- [main] o.a.c.c.C.[Tomcat].[localhost].[/]       : Initializing Spring embedded WebApplicationContext
2019-10-13 22:52:32.649  INFO 4876 --- [main] o.s.web.context.ContextLoader            : Root WebApplicationContext: initialization completed in 1341 ms
2019-10-13 22:52:32.789  INFO 4876 --- [main] com.zaxxer.hikari.HikariDataSource       : HikariPool-1 - Starting...
2019-10-13 22:52:32.890  INFO 4876 --- [main] com.zaxxer.hikari.HikariDataSource       : HikariPool-1 - Start completed.
2019-10-13 22:52:32.989  INFO 4876 --- [main] o.hibernate.jpa.internal.util.LogHelper  : HHH000204: Processing PersistenceUnitInfo [
	name: default
	...]
2019-10-13 22:52:33.061  INFO 4876 --- [main] org.hibernate.Version                    : HHH000412: Hibernate Core {5.3.10.Final}
2019-10-13 22:52:33.063  INFO 4876 --- [main] org.hibernate.cfg.Environment            : HHH000206: hibernate.properties not found
2019-10-13 22:52:33.207  INFO 4876 --- [main] o.hibernate.annotations.common.Version   : HCANN000001: Hibernate Commons Annotations {5.0.4.Final}
2019-10-13 22:52:34.214  INFO 4876 --- [main] org.hibernate.dialect.Dialect            : HHH000400: Using dialect: org.hibernate.dialect.MySQL5Dialect
2019-10-13 22:52:34.941  INFO 4876 --- [main] j.LocalContainerEntityManagerFactoryBean : Initialized JPA EntityManagerFactory for persistence unit 'default'
2019-10-13 22:52:35.409  INFO 4876 --- [main] o.s.s.concurrent.ThreadPoolTaskExecutor  : Initializing ExecutorService 'applicationTaskExecutor'
2019-10-13 22:52:35.442  WARN 4876 --- [main] aWebConfiguration$JpaWebMvcConfiguration : spring.jpa.open-in-view is enabled by default. Therefore, database queries may be performed during view rendering. Explicitly configure spring.jpa.open-in-view to disable this warning
2019-10-13 22:52:35.540  INFO 4876 --- [main] o.s.b.a.w.s.WelcomePageHandlerMapping    : Adding welcome page template: index
2019-10-13 22:52:35.640  INFO 4876 --- [main] o.s.b.w.embedded.tomcat.TomcatWebServer  : Tomcat started on port(s): 8080 (http) with context path ''
2019-10-13 22:52:35.643  INFO 4876 --- [main] com.jcj.miniweb.MiniwebApplication       : Started MiniwebApplication in 4.891 seconds (JVM running for 5.63)
2019-10-13 22:52:46.480  INFO 13688 --- [main] com.jcj.miniweb.MiniwebApplication       : Starting MiniwebApplication on DESKTOP-H2T0EB0 with PID 13688 (C:\Users\gold\IdeaProjects\miniweb\target\classes started by gold in C:\Users\gold\IdeaProjects\miniweb)
2019-10-13 22:52:46.483  INFO 13688 --- [main] com.jcj.miniweb.MiniwebApplication       : The following profiles are active: dev
2019-10-13 22:52:47.068  INFO 13688 --- [main] .s.d.r.c.RepositoryConfigurationDelegate : Bootstrapping Spring Data repositories in DEFAULT mode.
2019-10-13 22:52:47.142  INFO 13688 --- [main] .s.d.r.c.RepositoryConfigurationDelegate : Finished Spring Data repository scanning in 66ms. Found 1 repository interfaces.
2019-10-13 22:52:47.419  INFO 13688 --- [main] trationDelegate$BeanPostProcessorChecker : Bean 'org.springframework.transaction.annotation.ProxyTransactionManagementConfiguration' of type [org.springframework.transaction.annotation.ProxyTransactionManagementConfiguration$$EnhancerBySpringCGLIB$$1fca5cea] is not eligible for getting processed by all BeanPostProcessors (for example: not eligible for auto-proxying)
2019-10-13 22:52:47.672  INFO 13688 --- [main] o.s.b.w.embedded.tomcat.TomcatWebServer  : Tomcat initialized with port(s): 8080 (http)
2019-10-13 22:52:47.692  INFO 13688 --- [main] o.apache.catalina.core.StandardService   : Starting service [Tomcat]
2019-10-13 22:52:47.692  INFO 13688 --- [main] org.apache.catalina.core.StandardEngine  : Starting Servlet engine: [Apache Tomcat/9.0.21]
2019-10-13 22:52:47.838  INFO 13688 --- [main] o.a.c.c.C.[Tomcat].[localhost].[/]       : Initializing Spring embedded WebApplicationContext
2019-10-13 22:52:47.839  INFO 13688 --- [main] o.s.web.context.ContextLoader            : Root WebApplicationContext: initialization completed in 1308 ms
2019-10-13 22:52:47.977  INFO 13688 --- [main] com.zaxxer.hikari.HikariDataSource       : HikariPool-1 - Starting...
2019-10-13 22:52:48.081  INFO 13688 --- [main] com.zaxxer.hikari.HikariDataSource       : HikariPool-1 - Start completed.
2019-10-13 22:52:48.180  INFO 13688 --- [main] o.hibernate.jpa.internal.util.LogHelper  : HHH000204: Processing PersistenceUnitInfo [
	name: default
	...]
2019-10-13 22:52:48.250  INFO 13688 --- [main] org.hibernate.Version                    : HHH000412: Hibernate Core {5.3.10.Final}
2019-10-13 22:52:48.253  INFO 13688 --- [main] org.hibernate.cfg.Environment            : HHH000206: hibernate.properties not found
2019-10-13 22:52:48.408  INFO 13688 --- [main] o.hibernate.annotations.common.Version   : HCANN000001: Hibernate Commons Annotations {5.0.4.Final}
2019-10-13 22:52:49.399  INFO 13688 --- [main] org.hibernate.dialect.Dialect            : HHH000400: Using dialect: org.hibernate.dialect.MySQL5Dialect
2019-10-13 22:52:50.023  INFO 13688 --- [main] j.LocalContainerEntityManagerFactoryBean : Initialized JPA EntityManagerFactory for persistence unit 'default'
2019-10-13 22:52:50.506  INFO 13688 --- [main] o.s.s.concurrent.ThreadPoolTaskExecutor  : Initializing ExecutorService 'applicationTaskExecutor'
2019-10-13 22:52:50.540  WARN 13688 --- [main] aWebConfiguration$JpaWebMvcConfiguration : spring.jpa.open-in-view is enabled by default. Therefore, database queries may be performed during view rendering. Explicitly configure spring.jpa.open-in-view to disable this warning
2019-10-13 22:52:50.628  INFO 13688 --- [main] o.s.b.a.w.s.WelcomePageHandlerMapping    : Adding welcome page template: index
2019-10-13 22:52:50.727  INFO 13688 --- [main] o.s.b.w.embedded.tomcat.TomcatWebServer  : Tomcat started on port(s): 8080 (http) with context path ''
2019-10-13 22:52:50.729  INFO 13688 --- [main] com.jcj.miniweb.MiniwebApplication       : Started MiniwebApplication in 4.73 seconds (JVM running for 5.463)
2019-10-13 22:52:54.272  INFO 13688 --- [http-nio-8080-exec-1] o.a.c.c.C.[Tomcat].[localhost].[/]       : Initializing Spring DispatcherServlet 'dispatcherServlet'
2019-10-13 22:52:54.272  INFO 13688 --- [http-nio-8080-exec-1] o.s.web.servlet.DispatcherServlet        : Initializing Servlet 'dispatcherServlet'
2019-10-13 22:52:54.278  INFO 13688 --- [http-nio-8080-exec-1] o.s.web.servlet.DispatcherServlet        : Completed initialization in 6 ms
2019-10-13 22:52:58.314  INFO 13688 --- [http-nio-8080-exec-8] o.h.h.i.QueryTranslatorFactoryInitiator  : HHH000397: Using ASTQueryTranslatorFactory
2019-10-13 22:54:23.478  INFO 632 --- [main] com.jcj.miniweb.MiniwebApplication       : Starting MiniwebApplication on DESKTOP-H2T0EB0 with PID 632 (C:\Users\gold\IdeaProjects\miniweb\target\classes started by gold in C:\Users\gold\IdeaProjects\miniweb)
2019-10-13 22:54:23.482  INFO 632 --- [main] com.jcj.miniweb.MiniwebApplication       : The following profiles are active: dev
2019-10-13 22:54:24.078  INFO 632 --- [main] .s.d.r.c.RepositoryConfigurationDelegate : Bootstrapping Spring Data repositories in DEFAULT mode.
2019-10-13 22:54:24.151  INFO 632 --- [main] .s.d.r.c.RepositoryConfigurationDelegate : Finished Spring Data repository scanning in 65ms. Found 1 repository interfaces.
2019-10-13 22:54:24.429  INFO 632 --- [main] trationDelegate$BeanPostProcessorChecker : Bean 'org.springframework.transaction.annotation.ProxyTransactionManagementConfiguration' of type [org.springframework.transaction.annotation.ProxyTransactionManagementConfiguration$$EnhancerBySpringCGLIB$$77217a49] is not eligible for getting processed by all BeanPostProcessors (for example: not eligible for auto-proxying)
2019-10-13 22:54:24.676  INFO 632 --- [main] o.s.b.w.embedded.tomcat.TomcatWebServer  : Tomcat initialized with port(s): 8080 (http)
2019-10-13 22:54:24.696  INFO 632 --- [main] o.apache.catalina.core.StandardService   : Starting service [Tomcat]
2019-10-13 22:54:24.696  INFO 632 --- [main] org.apache.catalina.core.StandardEngine  : Starting Servlet engine: [Apache Tomcat/9.0.21]
2019-10-13 22:54:24.857  INFO 632 --- [main] o.a.c.c.C.[Tomcat].[localhost].[/]       : Initializing Spring embedded WebApplicationContext
2019-10-13 22:54:24.858  INFO 632 --- [main] o.s.web.context.ContextLoader            : Root WebApplicationContext: initialization completed in 1331 ms
2019-10-13 22:54:24.988  INFO 632 --- [main] com.zaxxer.hikari.HikariDataSource       : HikariPool-1 - Starting...
2019-10-13 22:54:25.092  INFO 632 --- [main] com.zaxxer.hikari.HikariDataSource       : HikariPool-1 - Start completed.
2019-10-13 22:54:25.190  INFO 632 --- [main] o.hibernate.jpa.internal.util.LogHelper  : HHH000204: Processing PersistenceUnitInfo [
	name: default
	...]
2019-10-13 22:54:25.264  INFO 632 --- [main] org.hibernate.Version                    : HHH000412: Hibernate Core {5.3.10.Final}
2019-10-13 22:54:25.266  INFO 632 --- [main] org.hibernate.cfg.Environment            : HHH000206: hibernate.properties not found
2019-10-13 22:54:25.406  INFO 632 --- [main] o.hibernate.annotations.common.Version   : HCANN000001: Hibernate Commons Annotations {5.0.4.Final}
2019-10-13 22:54:26.388  INFO 632 --- [main] org.hibernate.dialect.Dialect            : HHH000400: Using dialect: org.hibernate.dialect.MySQL5Dialect
2019-10-13 22:54:27.000  INFO 632 --- [main] j.LocalContainerEntityManagerFactoryBean : Initialized JPA EntityManagerFactory for persistence unit 'default'
2019-10-13 22:54:27.475  INFO 632 --- [main] o.s.s.concurrent.ThreadPoolTaskExecutor  : Initializing ExecutorService 'applicationTaskExecutor'
2019-10-13 22:54:27.508  WARN 632 --- [main] aWebConfiguration$JpaWebMvcConfiguration : spring.jpa.open-in-view is enabled by default. Therefore, database queries may be performed during view rendering. Explicitly configure spring.jpa.open-in-view to disable this warning
2019-10-13 22:54:27.591  INFO 632 --- [main] o.s.b.a.w.s.WelcomePageHandlerMapping    : Adding welcome page template: index
2019-10-13 22:54:27.688  INFO 632 --- [main] o.s.b.w.embedded.tomcat.TomcatWebServer  : Tomcat started on port(s): 8080 (http) with context path ''
2019-10-13 22:54:27.690  INFO 632 --- [main] com.jcj.miniweb.MiniwebApplication       : Started MiniwebApplication in 4.652 seconds (JVM running for 5.385)
2019-10-13 22:54:32.251  INFO 632 --- [http-nio-8080-exec-1] o.a.c.c.C.[Tomcat].[localhost].[/]       : Initializing Spring DispatcherServlet 'dispatcherServlet'
2019-10-13 22:54:32.252  INFO 632 --- [http-nio-8080-exec-1] o.s.web.servlet.DispatcherServlet        : Initializing Servlet 'dispatcherServlet'
2019-10-13 22:54:32.258  INFO 632 --- [http-nio-8080-exec-1] o.s.web.servlet.DispatcherServlet        : Completed initialization in 6 ms
2019-10-13 22:54:34.607  INFO 632 --- [http-nio-8080-exec-3] o.h.h.i.QueryTranslatorFactoryInitiator  : HHH000397: Using ASTQueryTranslatorFactory
2019-10-13 23:04:51.870  INFO 12700 --- [main] com.jcj.miniweb.MiniwebApplication       : Starting MiniwebApplication on DESKTOP-H2T0EB0 with PID 12700 (C:\Users\gold\IdeaProjects\miniweb\target\classes started by gold in C:\Users\gold\IdeaProjects\miniweb)
2019-10-13 23:04:51.872  INFO 12700 --- [main] com.jcj.miniweb.MiniwebApplication       : The following profiles are active: dev
2019-10-13 23:04:52.460  INFO 12700 --- [main] .s.d.r.c.RepositoryConfigurationDelegate : Bootstrapping Spring Data repositories in DEFAULT mode.
2019-10-13 23:04:52.537  INFO 12700 --- [main] .s.d.r.c.RepositoryConfigurationDelegate : Finished Spring Data repository scanning in 70ms. Found 1 repository interfaces.
2019-10-13 23:04:52.812  INFO 12700 --- [main] trationDelegate$BeanPostProcessorChecker : Bean 'org.springframework.transaction.annotation.ProxyTransactionManagementConfiguration' of type [org.springframework.transaction.annotation.ProxyTransactionManagementConfiguration$$EnhancerBySpringCGLIB$$d79b545f] is not eligible for getting processed by all BeanPostProcessors (for example: not eligible for auto-proxying)
2019-10-13 23:04:53.065  INFO 12700 --- [main] o.s.b.w.embedded.tomcat.TomcatWebServer  : Tomcat initialized with port(s): 8080 (http)
2019-10-13 23:04:53.085  INFO 12700 --- [main] o.apache.catalina.core.StandardService   : Starting service [Tomcat]
2019-10-13 23:04:53.085  INFO 12700 --- [main] org.apache.catalina.core.StandardEngine  : Starting Servlet engine: [Apache Tomcat/9.0.21]
2019-10-13 23:04:53.235  INFO 12700 --- [main] o.a.c.c.C.[Tomcat].[localhost].[/]       : Initializing Spring embedded WebApplicationContext
2019-10-13 23:04:53.236  INFO 12700 --- [main] o.s.web.context.ContextLoader            : Root WebApplicationContext: initialization completed in 1319 ms
2019-10-13 23:04:53.379  INFO 12700 --- [main] com.zaxxer.hikari.HikariDataSource       : HikariPool-1 - Starting...
2019-10-13 23:04:53.482  INFO 12700 --- [main] com.zaxxer.hikari.HikariDataSource       : HikariPool-1 - Start completed.
2019-10-13 23:04:53.583  INFO 12700 --- [main] o.hibernate.jpa.internal.util.LogHelper  : HHH000204: Processing PersistenceUnitInfo [
	name: default
	...]
2019-10-13 23:04:53.656  INFO 12700 --- [main] org.hibernate.Version                    : HHH000412: Hibernate Core {5.3.10.Final}
2019-10-13 23:04:53.657  INFO 12700 --- [main] org.hibernate.cfg.Environment            : HHH000206: hibernate.properties not found
2019-10-13 23:04:53.798  INFO 12700 --- [main] o.hibernate.annotations.common.Version   : HCANN000001: Hibernate Commons Annotations {5.0.4.Final}
2019-10-13 23:04:54.831  INFO 12700 --- [main] org.hibernate.dialect.Dialect            : HHH000400: Using dialect: org.hibernate.dialect.MySQL5Dialect
2019-10-13 23:04:55.474  INFO 12700 --- [main] j.LocalContainerEntityManagerFactoryBean : Initialized JPA EntityManagerFactory for persistence unit 'default'
2019-10-13 23:04:55.962  INFO 12700 --- [main] o.s.s.concurrent.ThreadPoolTaskExecutor  : Initializing ExecutorService 'applicationTaskExecutor'
2019-10-13 23:04:55.994  WARN 12700 --- [main] aWebConfiguration$JpaWebMvcConfiguration : spring.jpa.open-in-view is enabled by default. Therefore, database queries may be performed during view rendering. Explicitly configure spring.jpa.open-in-view to disable this warning
2019-10-13 23:04:56.079  INFO 12700 --- [main] o.s.b.a.w.s.WelcomePageHandlerMapping    : Adding welcome page template: index
2019-10-13 23:04:56.171  INFO 12700 --- [main] o.s.b.w.embedded.tomcat.TomcatWebServer  : Tomcat started on port(s): 8080 (http) with context path ''
2019-10-13 23:04:56.173  INFO 12700 --- [main] com.jcj.miniweb.MiniwebApplication       : Started MiniwebApplication in 4.772 seconds (JVM running for 5.507)
2019-10-13 23:05:03.851  INFO 1120 --- [main] com.jcj.miniweb.MiniwebApplication       : Starting MiniwebApplication on DESKTOP-H2T0EB0 with PID 1120 (C:\Users\gold\IdeaProjects\miniweb\target\classes started by gold in C:\Users\gold\IdeaProjects\miniweb)
2019-10-13 23:05:03.854  INFO 1120 --- [main] com.jcj.miniweb.MiniwebApplication       : The following profiles are active: dev
2019-10-13 23:05:04.437  INFO 1120 --- [main] .s.d.r.c.RepositoryConfigurationDelegate : Bootstrapping Spring Data repositories in DEFAULT mode.
2019-10-13 23:05:04.513  INFO 1120 --- [main] .s.d.r.c.RepositoryConfigurationDelegate : Finished Spring Data repository scanning in 68ms. Found 1 repository interfaces.
2019-10-13 23:05:04.795  INFO 1120 --- [main] trationDelegate$BeanPostProcessorChecker : Bean 'org.springframework.transaction.annotation.ProxyTransactionManagementConfiguration' of type [org.springframework.transaction.annotation.ProxyTransactionManagementConfiguration$$EnhancerBySpringCGLIB$$2dc6dc15] is not eligible for getting processed by all BeanPostProcessors (for example: not eligible for auto-proxying)
2019-10-13 23:05:05.059  INFO 1120 --- [main] o.s.b.w.embedded.tomcat.TomcatWebServer  : Tomcat initialized with port(s): 8080 (http)
2019-10-13 23:05:05.078  INFO 1120 --- [main] o.apache.catalina.core.StandardService   : Starting service [Tomcat]
2019-10-13 23:05:05.079  INFO 1120 --- [main] org.apache.catalina.core.StandardEngine  : Starting Servlet engine: [Apache Tomcat/9.0.21]
2019-10-13 23:05:05.256  INFO 1120 --- [main] o.a.c.c.C.[Tomcat].[localhost].[/]       : Initializing Spring embedded WebApplicationContext
2019-10-13 23:05:05.256  INFO 1120 --- [main] o.s.web.context.ContextLoader            : Root WebApplicationContext: initialization completed in 1358 ms
2019-10-13 23:05:05.437  INFO 1120 --- [main] com.zaxxer.hikari.HikariDataSource       : HikariPool-1 - Starting...
2019-10-13 23:05:05.545  INFO 1120 --- [main] com.zaxxer.hikari.HikariDataSource       : HikariPool-1 - Start completed.
2019-10-13 23:05:05.642  INFO 1120 --- [main] o.hibernate.jpa.internal.util.LogHelper  : HHH000204: Processing PersistenceUnitInfo [
	name: default
	...]
2019-10-13 23:05:05.714  INFO 1120 --- [main] org.hibernate.Version                    : HHH000412: Hibernate Core {5.3.10.Final}
2019-10-13 23:05:05.716  INFO 1120 --- [main] org.hibernate.cfg.Environment            : HHH000206: hibernate.properties not found
2019-10-13 23:05:05.867  INFO 1120 --- [main] o.hibernate.annotations.common.Version   : HCANN000001: Hibernate Commons Annotations {5.0.4.Final}
2019-10-13 23:05:06.878  INFO 1120 --- [main] org.hibernate.dialect.Dialect            : HHH000400: Using dialect: org.hibernate.dialect.MySQL5Dialect
2019-10-13 23:05:07.522  INFO 1120 --- [main] j.LocalContainerEntityManagerFactoryBean : Initialized JPA EntityManagerFactory for persistence unit 'default'
2019-10-13 23:05:07.989  INFO 1120 --- [main] o.s.s.concurrent.ThreadPoolTaskExecutor  : Initializing ExecutorService 'applicationTaskExecutor'
2019-10-13 23:05:08.022  WARN 1120 --- [main] aWebConfiguration$JpaWebMvcConfiguration : spring.jpa.open-in-view is enabled by default. Therefore, database queries may be performed during view rendering. Explicitly configure spring.jpa.open-in-view to disable this warning
2019-10-13 23:05:08.110  INFO 1120 --- [main] o.s.b.a.w.s.WelcomePageHandlerMapping    : Adding welcome page template: index
2019-10-13 23:05:08.203  INFO 1120 --- [main] o.s.b.w.embedded.tomcat.TomcatWebServer  : Tomcat started on port(s): 8080 (http) with context path ''
2019-10-13 23:05:08.205  INFO 1120 --- [main] com.jcj.miniweb.MiniwebApplication       : Started MiniwebApplication in 4.852 seconds (JVM running for 5.607)
2019-10-13 23:05:11.191  INFO 1120 --- [http-nio-8080-exec-1] o.a.c.c.C.[Tomcat].[localhost].[/]       : Initializing Spring DispatcherServlet 'dispatcherServlet'
2019-10-13 23:05:11.191  INFO 1120 --- [http-nio-8080-exec-1] o.s.web.servlet.DispatcherServlet        : Initializing Servlet 'dispatcherServlet'
2019-10-13 23:05:11.197  INFO 1120 --- [http-nio-8080-exec-1] o.s.web.servlet.DispatcherServlet        : Completed initialization in 6 ms
2019-10-13 23:05:15.249  INFO 1120 --- [http-nio-8080-exec-7] o.h.h.i.QueryTranslatorFactoryInitiator  : HHH000397: Using ASTQueryTranslatorFactory
2019-10-13 23:07:10.160  INFO 1452 --- [main] com.jcj.miniweb.MiniwebApplication       : Starting MiniwebApplication on DESKTOP-H2T0EB0 with PID 1452 (C:\Users\gold\IdeaProjects\miniweb\target\classes started by gold in C:\Users\gold\IdeaProjects\miniweb)
2019-10-13 23:07:10.163  INFO 1452 --- [main] com.jcj.miniweb.MiniwebApplication       : The following profiles are active: dev
2019-10-13 23:07:10.776  INFO 1452 --- [main] .s.d.r.c.RepositoryConfigurationDelegate : Bootstrapping Spring Data repositories in DEFAULT mode.
2019-10-13 23:07:10.854  INFO 1452 --- [main] .s.d.r.c.RepositoryConfigurationDelegate : Finished Spring Data repository scanning in 69ms. Found 1 repository interfaces.
2019-10-13 23:07:11.129  INFO 1452 --- [main] trationDelegate$BeanPostProcessorChecker : Bean 'org.springframework.transaction.annotation.ProxyTransactionManagementConfiguration' of type [org.springframework.transaction.annotation.ProxyTransactionManagementConfiguration$$EnhancerBySpringCGLIB$$da5874f0] is not eligible for getting processed by all BeanPostProcessors (for example: not eligible for auto-proxying)
2019-10-13 23:07:11.390  INFO 1452 --- [main] o.s.b.w.embedded.tomcat.TomcatWebServer  : Tomcat initialized with port(s): 8080 (http)
2019-10-13 23:07:11.410  INFO 1452 --- [main] o.apache.catalina.core.StandardService   : Starting service [Tomcat]
2019-10-13 23:07:11.410  INFO 1452 --- [main] org.apache.catalina.core.StandardEngine  : Starting Servlet engine: [Apache Tomcat/9.0.21]
2019-10-13 23:07:11.559  INFO 1452 --- [main] o.a.c.c.C.[Tomcat].[localhost].[/]       : Initializing Spring embedded WebApplicationContext
2019-10-13 23:07:11.559  INFO 1452 --- [main] o.s.web.context.ContextLoader            : Root WebApplicationContext: initialization completed in 1346 ms
2019-10-13 23:07:11.703  INFO 1452 --- [main] com.zaxxer.hikari.HikariDataSource       : HikariPool-1 - Starting...
2019-10-13 23:07:11.805  INFO 1452 --- [main] com.zaxxer.hikari.HikariDataSource       : HikariPool-1 - Start completed.
2019-10-13 23:07:11.904  INFO 1452 --- [main] o.hibernate.jpa.internal.util.LogHelper  : HHH000204: Processing PersistenceUnitInfo [
	name: default
	...]
2019-10-13 23:07:11.979  INFO 1452 --- [main] org.hibernate.Version                    : HHH000412: Hibernate Core {5.3.10.Final}
2019-10-13 23:07:11.980  INFO 1452 --- [main] org.hibernate.cfg.Environment            : HHH000206: hibernate.properties not found
2019-10-13 23:07:12.122  INFO 1452 --- [main] o.hibernate.annotations.common.Version   : HCANN000001: Hibernate Commons Annotations {5.0.4.Final}
2019-10-13 23:07:13.132  INFO 1452 --- [main] org.hibernate.dialect.Dialect            : HHH000400: Using dialect: org.hibernate.dialect.MySQL5Dialect
2019-10-13 23:07:13.786  INFO 1452 --- [main] j.LocalContainerEntityManagerFactoryBean : Initialized JPA EntityManagerFactory for persistence unit 'default'
2019-10-13 23:07:14.288  INFO 1452 --- [main] o.s.s.concurrent.ThreadPoolTaskExecutor  : Initializing ExecutorService 'applicationTaskExecutor'
2019-10-13 23:07:14.326  WARN 1452 --- [main] aWebConfiguration$JpaWebMvcConfiguration : spring.jpa.open-in-view is enabled by default. Therefore, database queries may be performed during view rendering. Explicitly configure spring.jpa.open-in-view to disable this warning
2019-10-13 23:07:14.414  INFO 1452 --- [main] o.s.b.a.w.s.WelcomePageHandlerMapping    : Adding welcome page template: index
2019-10-13 23:07:14.535  INFO 1452 --- [main] o.s.b.w.embedded.tomcat.TomcatWebServer  : Tomcat started on port(s): 8080 (http) with context path ''
2019-10-13 23:07:14.537  INFO 1452 --- [main] com.jcj.miniweb.MiniwebApplication       : Started MiniwebApplication in 4.844 seconds (JVM running for 5.586)
2019-10-13 23:07:17.468  INFO 1452 --- [http-nio-8080-exec-1] o.a.c.c.C.[Tomcat].[localhost].[/]       : Initializing Spring DispatcherServlet 'dispatcherServlet'
2019-10-13 23:07:17.468  INFO 1452 --- [http-nio-8080-exec-1] o.s.web.servlet.DispatcherServlet        : Initializing Servlet 'dispatcherServlet'
2019-10-13 23:07:17.475  INFO 1452 --- [http-nio-8080-exec-1] o.s.web.servlet.DispatcherServlet        : Completed initialization in 7 ms
2019-10-13 23:07:20.671  INFO 1452 --- [http-nio-8080-exec-9] o.h.h.i.QueryTranslatorFactoryInitiator  : HHH000397: Using ASTQueryTranslatorFactory
